Test no arg:
==13646== All heap blocks were freed -- no leaks are possible
Test non-exist0:
==13654== All heap blocks were freed -- no leaks are possible
Test non-exist1:
==13672== All heap blocks were freed -- no leaks are possible
Test multi-arg0:
==13680== All heap blocks were freed -- no leaks are possible
Test multi-arg1:
==13693== All heap blocks were freed -- no leaks are possible
Test .cube:
Test 0:==13713== All heap blocks were freed -- no leaks are possible
✅
Test 1:==13738== All heap blocks were freed -- no leaks are possible
✅
Test 2:==13753== All heap blocks were freed -- no leaks are possible
✅
Test 3:==13763== All heap blocks were freed -- no leaks are possible
✅
Test 4:==13772== All heap blocks were freed -- no leaks are possible
✅
Test 5:==13800== All heap blocks were freed -- no leaks are possible
✅
Test 6:==13819== All heap blocks were freed -- no leaks are possible
✅
Test 7:==13828== All heap blocks were freed -- no leaks are possible
✅
Test 8:==13850== All heap blocks were freed -- no leaks are possible
✅
Test 9:==13874== All heap blocks were freed -- no leaks are possible
✅
Test 10: